
     Program PW2WANNIER v.7.1 starts on  3Jan2024 at 16:49: 9 

     This program is part of the open-source Quantum ESPRESSO suite
     for quantum simulation of materials; please cite
         "P. Giannozzi et al., J. Phys.:Condens. Matter 21 395502 (2009);
         "P. Giannozzi et al., J. Phys.:Condens. Matter 29 465901 (2017);
         "P. Giannozzi et al., J. Chem. Phys. 152 154105 (2020);
          URL http://www.quantum-espresso.org", 
     in publications or presentations arising from this work. More details at
     http://www.quantum-espresso.org/quote

     Parallel version (MPI), running on     8 processors

     MPI processes distributed on     1 nodes
     R & G space division:  proc/nbgrp/npool/nimage =       8
     121926 MiB available memory on the printing compute node when the environment starts
 
 
  Reading nscf_save data

     Reading xml data from directory:

     out/mp-2160.save/

     IMPORTANT: XC functional enforced from input :
     Exchange-correlation= PBE
                           (   1   4   3   4   0   0   0)
     Any further DFT definition will be discarded
     Please, verify this is what you really want

 
     Parallelization info
     --------------------
     sticks:   dense  smooth     PW     G-vecs:    dense   smooth      PW
     Min         433     433    131                34604    34604    5778
     Max         434     434    132                34606    34606    5779
     Sum        3471    3471   1051               276845   276845   46229
 
     Using Slab Decomposition
 
     Reading collected, re-writing distributed wavefunctions
 
  Spin CASE ( default = unpolarized )
 
  Wannier mode is: standalone     
 
  -----------------
  *** Reading nnkp 
  -----------------
 
  Checking info from wannier.nnkp file
 
  - Real lattice is ok
  - Reciprocal lattice is ok
  - K-points are ok
  - Number of wannier functions is ok ( 36)
 
 Projections:
 
  Reading data about k-point neighbours 
 
  All neighbours are found 
 
  Opening pp-files 
 
 
  --------------------------
  *** Compute  A with SCDM-k
  --------------------------
 
 Case  : isolated

  AMN: iknum =      192
     Running QRCP in serial
          Program compiled with ScaLAPACK but not using it for QRCP.
          To enable ScaLAPACK for QRCP, use valid versions
          (ScaLAPACK >= 2.1.0 or MKL >= 2020) and set the argument
          'with-scalapack_version' in configure.
       1       2       3       4       5       6       7       8       9      10
      11      12      13      14      15      16      17      18      19      20
      21      22      23      24      25      26      27      28      29      30
      31      32      33      34      35      36      37      38      39      40
      41      42      43      44      45      46      47      48      49      50
      51      52      53      54      55      56      57      58      59      60
      61      62      63      64      65      66      67      68      69      70
      71      72      73      74      75      76      77      78      79      80
      81      82      83      84      85      86      87      88      89      90
      91      92      93      94      95      96      97      98      99     100
     101     102     103     104     105     106     107     108     109     110
     111     112     113     114     115     116     117     118     119     120
     121     122     123     124     125     126     127     128     129     130
     131     132     133     134     135     136     137     138     139     140
     141     142     143     144     145     146     147     148     149     150
     151     152     153     154     155     156     157     158     159     160
     161     162     163     164     165     166     167     168     169     170
     171     172     173     174     175     176     177     178     179     180
     181     182     183     184     185     186     187     188     189     190
     191     192

  AMN calculated
 
  ---------------
  *** Compute  M 
  ---------------
 
  MMN: iknum =      192
       1       2       3       4       5       6       7       8       9      10
      11      12      13      14      15      16      17      18      19      20
      21      22      23      24      25      26      27      28      29      30
      31      32      33      34      35      36      37      38      39      40
      41      42      43      44      45      46      47      48      49      50
      51      52      53      54      55      56      57      58      59      60
      61      62      63      64      65      66      67      68      69      70
      71      72      73      74      75      76      77      78      79      80
      81      82      83      84      85      86      87      88      89      90
      91      92      93      94      95      96      97      98      99     100
     101     102     103     104     105     106     107     108     109     110
     111     112     113     114     115     116     117     118     119     120
     121     122     123     124     125     126     127     128     129     130
     131     132     133     134     135     136     137     138     139     140
     141     142     143     144     145     146     147     148     149     150
     151     152     153     154     155     156     157     158     159     160
     161     162     163     164     165     166     167     168     169     170
     171     172     173     174     175     176     177     178     179     180
     181     182     183     184     185     186     187     188     189     190
     191     192

  MMN calculated
 
  -----------------------------------
  *** Orbital terms are not computed 
  -----------------------------------
 
  -----------------------------------
  *** SHC terms are not computed 
  -----------------------------------
 
  ----------------
  *** Write bands 
  ----------------
 
 
  -----------------------------
  *** Plot info is not printed 
  -----------------------------
 
  -----------------------------
  *** Parity info is not printed 
  -----------------------------
 
  ------------
  *** Stop pp 
  ------------
 
 
     init_pw2wan  :     14.40s CPU     28.35s WALL (       1 calls)
     compute_amn  :     38.63s CPU     44.09s WALL (       1 calls)
     compute_mmn  :     22.56s CPU     44.10s WALL (       1 calls)
 
     PW2WANNIER   :   1m15.61s CPU   1m56.73s WALL

 
   This run was terminated on:  16:51: 6   3Jan2024            

=------------------------------------------------------------------------------=
   JOB DONE.
=------------------------------------------------------------------------------=
 
